C51 COMPILER V9.60.0.0   KEYS                                                              11/06/2019 10:02:14 PAGE 1   


C51 COMPILER V9.60.0.0, COMPILATION OF MODULE KEYS
OBJECT MODULE PLACED IN keys.OBJ
COMPILER INVOKED BY: C:\Keil_v5\C51\BIN\C51.EXE keys.c OPTIMIZE(8,SPEED) BROWSE DEBUG OBJECTEXTEND TABS(2)

line level    source

   1          #define __keys_c
   2          #include "includeAll.h"
   3          //=============================================================================
   4          void GetKeys() {
   5   1        static uint8_t tempKeyValue = D_keyNull;
   6   1      
   7   1        if (P_key1 == 0) {
   8   2          tempKeyValue = D_keyValue1;
   9   2        } else {
  10   2          keyValue = tempKeyValue;
  11   2          tempKeyValue = D_keyNull;
  12   2        }
  13   1      }


MODULE INFORMATION:   STATIC OVERLAYABLE
   CODE SIZE        =     14    ----
   CONSTANT SIZE    =   ----    ----
   XDATA SIZE       =   ----    ----
   PDATA SIZE       =   ----    ----
   DATA SIZE        =      2    ----
   IDATA SIZE       =   ----    ----
   BIT SIZE         =   ----    ----
END OF MODULE INFORMATION.


C51 COMPILATION COMPLETE.  0 WARNING(S),  0 ERROR(S)
