C51 COMPILER V9.60.0.0   MAIN                                                              11/06/2019 10:02:13 PAGE 1   


C51 COMPILER V9.60.0.0, COMPILATION OF MODULE MAIN
OBJECT MODULE PLACED IN main.OBJ
COMPILER INVOKED BY: C:\Keil_v5\C51\BIN\C51.EXE main.c OPTIMIZE(8,SPEED) BROWSE DEBUG OBJECTEXTEND TABS(2)

line level    source

   1          #define __main_c
   2          #include "includeAll.h"
   3          //=============================================================================
   4          void main() {
   5   1        SysInit();
   6   1        VarsInit();
   7   1        //使能看门狗
   8   1        F_turnOnWDT();
   9   1        while (1) {
  10   2          //喂狗
  11   2          F_clearWDT();
  12   2          //业务代码
  13   2          TimeProcess();
  14   2          TaskSetting();
  15   2          TaskProcess();
  16   2          DisplayProcess();
  17   2        }
  18   1      }
  19          //=============================================================================
  20          void TimeProcess() {
  21   1        static uint8_t timer5ms = 0;
  22   1        static uint16_t second = 0;
  23   1      
  24   1        if (b1ms) {
  25   2          // 1ms 执行一次
  26   2          b1ms = 0;
  27   2          timer5ms++;
  28   2          second++;
  29   2        }
  30   1        if (timer5ms >= D_5ms) {
  31   2          GetKeys();
  32   2        }
  33   1        if (second >= D_1000ms) {
  34   2          // 1s 执行一次
  35   2          second = 0;
  36   2        }
  37   1      }
  38          //=============================================================================
  39          void TaskProcess() {}
  40          //=============================================================================
  41          void TaskSetting() {
  42   1        if (D_keyValue1 == keyValue) {
  43   2          F_ledNeg();
  44   2        }
  45   1        keyValue = D_keyNull;
  46   1      }
  47          //=============================================================================
  48          void DisplayProcess() {
  49   1        // F_ledOn();
  50   1      }


MODULE INFORMATION:   STATIC OVERLAYABLE
   CODE SIZE        =     90    ----
   CONSTANT SIZE    =   ----    ----
C51 COMPILER V9.60.0.0   MAIN                                                              11/06/2019 10:02:13 PAGE 2   

   XDATA SIZE       =   ----    ----
   PDATA SIZE       =   ----    ----
   DATA SIZE        =      3    ----
   IDATA SIZE       =   ----    ----
   BIT SIZE         =   ----    ----
END OF MODULE INFORMATION.


C51 COMPILATION COMPLETE.  0 WARNING(S),  0 ERROR(S)
